cl : command line warning D9025: overriding '/sdl' with '/GS-'
cl : command line warning D9025: overriding '/sdl' with '/GS-'
  algebra.cpp
cl : command line warning D9025: overriding '/sdl' with '/GS-'
  common.cpp
cl : command line warning D9025: overriding '/sdl' with '/GS-'
  main.cpp
cl : command line warning D9025: overriding '/sdl' with '/GS-'
  mesh.cpp
cl : command line warning D9025: overriding '/sdl' with '/GS-'
  ObjFileLoader.cpp
cl : command line warning D9025: overriding '/sdl' with '/GS-'
  PanoramicSceneRenderer.cpp
cl : command line warning D9025: overriding '/sdl' with '/GS-'
cl : command line warning D9025: overriding '/sdl' with '/GS-'
  Renderer.cpp
  SceneGenerator.cpp
C:\Program Files (x86)\Microsoft Visual Studio\2019\Community\VC\Tools\MSVC\14.29.30133\include\vector(752,1): warning C4530: C++ exception handler used, but unwind semantics are not enabled. Specify /EHsc (compiling source file ObjFileLoader.cpp)
C:\Program Files (x86)\Microsoft Visual Studio\2019\Community\VC\Tools\MSVC\14.29.30133\include\vector(726): message : see reference to function template instantiation 'edt::Vector *std::vector<edt::Vector,std::allocator<edt::Vector>>::_Emplace_reallocate<const _Ty&>(edt::Vector *const ,const _Ty &)' being compiled
          with
          [
              _Ty=edt::Vector
          ] (compiling source file ObjFileLoader.cpp)
C:\Program Files (x86)\Microsoft Visual Studio\2019\Community\VC\Tools\MSVC\14.29.30133\include\vector(734): message : see reference to function template instantiation 'edt::Vector *std::vector<edt::Vector,std::allocator<edt::Vector>>::_Emplace_reallocate<const _Ty&>(edt::Vector *const ,const _Ty &)' being compiled
          with
          [
              _Ty=edt::Vector
          ] (compiling source file ObjFileLoader.cpp)
C:\Program Files (x86)\Microsoft Visual Studio\2019\Community\VC\Tools\MSVC\14.29.30133\include\vector(743): message : see reference to function template instantiation '_Ty &std::vector<_Ty,std::allocator<_Ty>>::emplace_back<const _Ty&>(const _Ty &)' being compiled
          with
          [
              _Ty=edt::Vector
          ] (compiling source file ObjFileLoader.cpp)
C:\Program Files (x86)\Microsoft Visual Studio\2019\Community\VC\Tools\MSVC\14.29.30133\include\vector(742): message : while compiling class template member function 'void std::vector<edt::Vector,std::allocator<edt::Vector>>::push_back(const _Ty &)'
          with
          [
              _Ty=edt::Vector
          ] (compiling source file ObjFileLoader.cpp)
E:\MDH\Bachelor Thesis\Thesis_project\Thesis_project\ObjFileLoader.cpp(46): message : see reference to function template instantiation 'void std::vector<edt::Vector,std::allocator<edt::Vector>>::push_back(const _Ty &)' being compiled
          with
          [
              _Ty=edt::Vector
          ]
E:\MDH\Bachelor Thesis\Thesis_project\Thesis_project\ObjFileLoader.cpp(19): message : see reference to class template instantiation 'std::vector<edt::Vector,std::allocator<edt::Vector>>' being compiled
C:\Program Files (x86)\Microsoft Visual Studio\2019\Community\VC\Tools\MSVC\14.29.30133\include\ostream(610,1): warning C4530: C++ exception handler used, but unwind semantics are not enabled. Specify /EHsc (compiling source file algebra.cpp)
C:\Program Files (x86)\Microsoft Visual Studio\2019\Community\VC\Tools\MSVC\14.29.30133\include\ostream(610,1): warning C4530: C++ exception handler used, but unwind semantics are not enabled. Specify /EHsc (compiling source file common.cpp)
C:\Program Files (x86)\Microsoft Visual Studio\2019\Community\VC\Tools\MSVC\14.29.30133\include\ostream(610,1): warning C4530: C++ exception handler used, but unwind semantics are not enabled. Specify /EHsc (compiling source file main.cpp)
C:\Program Files (x86)\Microsoft Visual Studio\2019\Community\VC\Tools\MSVC\14.29.30133\include\ostream(610,1): warning C4530: C++ exception handler used, but unwind semantics are not enabled. Specify /EHsc (compiling source file Renderer.cpp)
C:\Program Files (x86)\Microsoft Visual Studio\2019\Community\VC\Tools\MSVC\14.29.30133\include\ostream(610,1): warning C4530: C++ exception handler used, but unwind semantics are not enabled. Specify /EHsc (compiling source file mesh.cpp)
C:\Program Files (x86)\Microsoft Visual Studio\2019\Community\VC\Tools\MSVC\14.29.30133\include\ostream(610,1): warning C4530: C++ exception handler used, but unwind semantics are not enabled. Specify /EHsc (compiling source file PanoramicSceneRenderer.cpp)
C:\Program Files (x86)\Microsoft Visual Studio\2019\Community\VC\Tools\MSVC\14.29.30133\include\ostream(610,1): warning C4530: C++ exception handler used, but unwind semantics are not enabled. Specify /EHsc (compiling source file SceneGenerator.cpp)
  SingleSceneRenderer.cpp
  VisibilitySolver3D.cpp
C:\Program Files (x86)\Microsoft Visual Studio\2019\Community\VC\Tools\MSVC\14.29.30133\include\ostream(610,1): warning C4530: C++ exception handler used, but unwind semantics are not enabled. Specify /EHsc (compiling source file SingleSceneRenderer.cpp)
C:\Program Files (x86)\Microsoft Visual Studio\2019\Community\VC\Tools\MSVC\14.29.30133\include\ostream(610,1): warning C4530: C++ exception handler used, but unwind semantics are not enabled. Specify /EHsc (compiling source file VisibilitySolver3D.cpp)
E:\MDH\Bachelor Thesis\Thesis_project\Thesis_project\VisibilitySolver3D.cpp(80,38): warning C4018: '<': signed/unsigned mismatch
E:\MDH\Bachelor Thesis\Thesis_project\Thesis_project\VisibilitySolver3D.cpp(83,37): warning C4018: '>': signed/unsigned mismatch
LINK : warning LNK4075: ignoring '/INCREMENTAL' due to '/LTCG' specification
  Generating code
  Finished generating code
  Thesis_project.vcxproj -> E:\MDH\Bachelor Thesis\Thesis_project\Release\Thesis_project.exe
